This is pdfTeX, Version 3.14159265-2.6-1.40.16 (MiKTeX 2.9) (preloaded format=pdflatex 2016.2.2)  26 JUL 2016 07:02
entering extended mode
**PORTADA.tex
(PORTADA.tex
LaTeX2e <2015/01/01> patch level 2
Babel <3.9m> and hyphenation patterns for 69 languages loaded.

! LaTeX Error: Environment titlepage undefined.

See the LaTeX manual or LaTeX Companion for explanation.
Type  H <return>  for immediate help.
 ...                                              
                                                  
l.1 \begin{titlepage}
                     
Your command was ignored.
Type  I <command> <return>  to replace it with another command,
or  <return>  to continue without it.


! LaTeX Error: Environment figure undefined.

See the LaTeX manual or LaTeX Companion for explanation.
Type  H <return>  for immediate help.
 ...                                              
                                                  
l.2 \begin{figure}
                  
Your command was ignored.
Type  I <command> <return>  to replace it with another command,
or  <return>  to continue without it.

! Undefined control sequence.
l.4 \includegraphics
                    [scale=0.75]{upj.png}
The control sequence at the end of the top line
of your error message was never \def'ed. If you have
misspelled it (e.g., `\hobx'), type `I' and the correct
spelling (e.g., `I\hbox'). Otherwise just continue,
and I'll forget about whatever was undefined.


! LaTeX Error: Missing \begin{document}.

See the LaTeX manual or LaTeX Companion for explanation.
Type  H <return>  for immediate help.
 ...                                              
                                                  
l.4 \includegraphics[
                     scale=0.75]{upj.png}
You're in trouble here.  Try typing  <return>  to proceed.
If that doesn't work, type  X <return>  to quit.

Missing character: There is no [ in font nullfont!
Missing character: There is no s in font nullfont!
Missing character: There is no c in font nullfont!
Missing character: There is no a in font nullfont!
Missing character: There is no l in font nullfont!
Missing character: There is no e in font nullfont!
Missing character: There is no = in font nullfont!
Missing character: There is no 0 in font nullfont!
Missing character: There is no . in font nullfont!
Missing character: There is no 7 in font nullfont!
Missing character: There is no 5 in font nullfont!
Missing character: There is no ] in font nullfont!
Missing character: There is no u in font nullfont!
Missing character: There is no p in font nullfont!
Missing character: There is no j in font nullfont!
Missing character: There is no . in font nullfont!
Missing character: There is no p in font nullfont!
Missing character: There is no n in font nullfont!
Missing character: There is no g in font nullfont!

! LaTeX Error: \begin{document} ended by \end{figure}.

See the LaTeX manual or LaTeX Companion for explanation.
Type  H <return>  for immediate help.
 ...                                              
                                                  
l.5 \end{figure}
                
Your command was ignored.
Type  I <command> <return>  to replace it with another command,
or  <return>  to continue without it.


! LaTeX Error: Missing \begin{document}.

See the LaTeX manual or LaTeX Companion for explanation.
Type  H <return>  for immediate help.
 ...                                              
                                                  
l.7 \begin{center}
                  
You're in trouble here.  Try typing  <return>  to proceed.
If that doesn't work, type  X <return>  to quit.


Overfull \hbox (20.0pt too wide) in paragraph at lines 7--7
[] 
 []

! Undefined control sequence.
l.8 \huge
         {UNIVERSIDAD POLITÉCNICA DE JUVENTINO ROSAS}\\
The control sequence at the end of the top line
of your error message was never \def'ed. If you have
misspelled it (e.g., `\hobx'), type `I' and the correct
spelling (e.g., `I\hbox'). Otherwise just continue,
and I'll forget about whatever was undefined.

Missing character: There is no U in font nullfont!
Missing character: There is no N in font nullfont!
Missing character: There is no I in font nullfont!
Missing character: There is no V in font nullfont!
Missing character: There is no E in font nullfont!
Missing character: There is no R in font nullfont!
Missing character: There is no S in font nullfont!
Missing character: There is no I in font nullfont!
Missing character: There is no D in font nullfont!
Missing character: There is no A in font nullfont!
Missing character: There is no D in font nullfont!
Missing character: There is no P in font nullfont!
Missing character: There is no O in font nullfont!
Missing character: There is no L in font nullfont!
Missing character: There is no I in font nullfont!
Missing character: There is no T in font nullfont!
Missing character: There is no É in font nullfont!
Missing character: There is no C in font nullfont!
Missing character: There is no N in font nullfont!
Missing character: There is no I in font nullfont!
Missing character: There is no C in font nullfont!
Missing character: There is no A in font nullfont!
Missing character: There is no D in font nullfont!
Missing character: There is no E in font nullfont!
Missing character: There is no J in font nullfont!
Missing character: There is no U in font nullfont!
Missing character: There is no V in font nullfont!
Missing character: There is no E in font nullfont!
Missing character: There is no N in font nullfont!
Missing character: There is no T in font nullfont!
Missing character: There is no I in font nullfont!
Missing character: There is no N in font nullfont!
Missing character: There is no O in font nullfont!
Missing character: There is no R in font nullfont!
Missing character: There is no O in font nullfont!
Missing character: There is no S in font nullfont!
Missing character: There is no A in font nullfont!
Missing character: There is no S in font nullfont!
! Undefined control sequence.
l.12 \large
           {\textbf{T E S I N A}}
The control sequence at the end of the top line
of your error message was never \def'ed. If you have
misspelled it (e.g., `\hobx'), type `I' and the correct
spelling (e.g., `I\hbox'). Otherwise just continue,
and I'll forget about whatever was undefined.


Overfull \hbox (7.99995pt too wide) in paragraph at lines 12--14
 []\OT1/cmr/bx/n/10 T 
 []


Overfull \hbox (7.55551pt too wide) in paragraph at lines 12--14
 \OT1/cmr/bx/n/10 E 
 []


Overfull \hbox (6.38885pt too wide) in paragraph at lines 12--14
 \OT1/cmr/bx/n/10 S 
 []


Overfull \hbox (4.36108pt too wide) in paragraph at lines 12--14
 \OT1/cmr/bx/n/10 I 
 []


Overfull \hbox (8.99995pt too wide) in paragraph at lines 12--14
 \OT1/cmr/bx/n/10 N 
 []


Overfull \hbox (8.6944pt too wide) in paragraph at lines 12--14
 \OT1/cmr/bx/n/10 A 
 []

! Undefined control sequence.
l.17 { \large
              \bfseries ``SISTEMA DE CONTROL DE INVENTARIOS PARA LA EMPRESA ...
The control sequence at the end of the top line
of your error message was never \def'ed. If you have
misspelled it (e.g., `\hobx'), type `I' and the correct
spelling (e.g., `I\hbox'). Otherwise just continue,
and I'll forget about whatever was undefined.


Overfull \hbox (58.33302pt too wide) in paragraph at lines 17--17
 []\OT1/cmr/bx/n/10 ``SISTEMA 
 []


Overfull \hbox (16.37491pt too wide) in paragraph at lines 17--17
 \OT1/cmr/bx/n/10 DE 
 []


Overfull \hbox (29.77762pt too wide) in paragraph at lines 17--17
 \OT1/cmr/bx/n/10 CON- 
 []


Overfull \hbox (31.86093pt too wide) in paragraph at lines 17--17
 \OT1/cmr/bx/n/10 TROL 
 []


Overfull \hbox (16.37491pt too wide) in paragraph at lines 17--17
 \OT1/cmr/bx/n/10 DE 
 []


Overfull \hbox (17.19435pt too wide) in paragraph at lines 17--17
 \OT1/cmr/bx/n/10 IN- 
 []


Overfull \hbox (29.08318pt too wide) in paragraph at lines 17--17
 \OT1/cmr/bx/n/10 VEN- 
 []


Overfull \hbox (28.19429pt too wide) in paragraph at lines 17--17
 \OT1/cmr/bx/n/10 TAR- 
 []


Overfull \hbox (19.38878pt too wide) in paragraph at lines 17--17
 \OT1/cmr/bx/n/10 IOS 
 []


Overfull \hbox (32.91649pt too wide) in paragraph at lines 17--17
 \OT1/cmr/bx/n/10 PARA 
 []


Overfull \hbox (15.61102pt too wide) in paragraph at lines 17--17
 \OT1/cmr/bx/n/10 LA 
 []


Overfull \hbox (22.30544pt too wide) in paragraph at lines 17--17
 \OT1/cmr/bx/n/10 EM- 
 []


Overfull \hbox (39.12479pt too wide) in paragraph at lines 17--17
 \OT1/cmr/bx/n/10 PRESA 
 []


Overfull \hbox (39.97202pt too wide) in paragraph at lines 17--17
 \OT1/cmr/bx/n/10 SMTO" 
 []

Missing character: There is no Q in font nullfont!
Missing character: There is no U in font nullfont!
Missing character: There is no E in font nullfont!
Missing character: There is no P in font nullfont!
Missing character: There is no A in font nullfont!
Missing character: There is no R in font nullfont!
Missing character: There is no A in font nullfont!
Missing character: There is no O in font nullfont!
Missing character: There is no B in font nullfont!
Missing character: There is no T in font nullfont!
Missing character: There is no E in font nullfont!
Missing character: There is no N in font nullfont!
Missing character: There is no E in font nullfont!
Missing character: There is no R in font nullfont!
Missing character: There is no E in font nullfont!
Missing character: There is no L in font nullfont!
Missing character: There is no T in font nullfont!
Missing character: There is no Í in font nullfont!
Missing character: There is no T in font nullfont!
Missing character: There is no U in font nullfont!
Missing character: There is no L in font nullfont!
Missing character: There is no O in font nullfont!
Missing character: There is no D in font nullfont!
Missing character: There is no E in font nullfont!
Missing character: There is no Á in font cmbx10!

Overfull \hbox (67.81906pt too wide) in paragraph at lines 22--23
 []\OT1/cmr/bx/n/10 INGENIERO 
 []


Overfull \hbox (16.55547pt too wide) in paragraph at lines 22--23
 \OT1/cmr/bx/n/10 EN 
 []


Overfull \hbox (70.30516pt too wide) in paragraph at lines 22--23
 \OT1/cmr/bx/n/10 TELEMTICA 
 []


Overfull \hbox (41.48164pt too wide) in paragraph at lines 27--27
 []\OT1/cmr/m/it/10 Presenta: 
 []

Missing character: There is no J in font nullfont!
Missing character: There is no o in font nullfont!
Missing character: There is no h in font nullfont!
Missing character: There is no n in font nullfont!

Overfull \hbox (28.64426pt too wide) in paragraph at lines 28--29
 \OT1/cmr/m/sc/10 Smith 
 []


Overfull \hbox (41.36499pt too wide) in paragraph at lines 31--31
 []\OT1/cmr/m/it/10 Asesores: 
 []

Missing character: There is no M in font nullfont!
Missing character: There is no . in font nullfont!
Missing character: There is no C in font nullfont!
Missing character: There is no . in font nullfont!
Missing character: There is no J in font nullfont!
Missing character: There is no o in font nullfont!
Missing character: There is no s in font nullfont!
Missing character: There is no é in font nullfont!
Missing character: There is no C in font nullfont!
Missing character: There is no h in font nullfont!
Missing character: There is no r in font nullfont!
Missing character: There is no i in font nullfont!
Missing character: There is no s in font nullfont!
Missing character: There is no t in font nullfont!
Missing character: There is no i in font nullfont!
Missing character: There is no a in font nullfont!
Missing character: There is no n in font nullfont!
Missing character: There is no P in font nullfont!
Missing character: There is no a in font nullfont!
Missing character: There is no d in font nullfont!
Missing character: There is no i in font nullfont!
Missing character: There is no l in font nullfont!
Missing character: There is no l in font nullfont!
Missing character: There is no a in font nullfont!
Missing character: There is no N in font nullfont!
Missing character: There is no a in font nullfont!
Missing character: There is no v in font nullfont!
Missing character: There is no a in font nullfont!
Missing character: There is no r in font nullfont!
Missing character: There is no r in font nullfont!
Missing character: There is no o in font nullfont!
Missing character: There is no J in font nullfont!
Missing character: There is no u in font nullfont!
Missing character: There is no v in font nullfont!
Missing character: There is no e in font nullfont!
Missing character: There is no n in font nullfont!
Missing character: There is no t in font nullfont!
Missing character: There is no i in font nullfont!
Missing character: There is no n in font nullfont!
Missing character: There is no o in font nullfont!
Missing character: There is no R in font nullfont!
Missing character: There is no o in font nullfont!
Missing character: There is no s in font nullfont!
Missing character: There is no a in font nullfont!
Missing character: There is no s in font nullfont!
Missing character: There is no , in font nullfont!
Missing character: There is no G in font nullfont!
Missing character: There is no t in font nullfont!
Missing character: There is no o in font nullfont!
Missing character: There is no . in font nullfont!
Missing character: There is no 1 in font nullfont!
Missing character: There is no 4 in font nullfont!
Missing character: There is no d in font nullfont!
Missing character: There is no e in font nullfont!
Missing character: There is no D in font nullfont!
Missing character: There is no i in font nullfont!
Missing character: There is no c in font nullfont!
Missing character: There is no i in font nullfont!
Missing character: There is no e in font nullfont!
Missing character: There is no m in font nullfont!
Missing character: There is no b in font nullfont!
Missing character: There is no r in font nullfont!
Missing character: There is no e in font nullfont!
Missing character: There is no d in font nullfont!
Missing character: There is no e in font nullfont!
Missing character: There is no 2 in font nullfont!
Missing character: There is no 0 in font nullfont!
Missing character: There is no 1 in font nullfont!
Missing character: There is no 6 in font nullfont!
Missing character: There is no . in font nullfont!

! LaTeX Error: \begin{document} ended by \end{titlepage}.

See the LaTeX manual or LaTeX Companion for explanation.
Type  H <return>  for immediate help.
 ...                                              
                                                  
l.39 \end{titlepage}
                    
Your command was ignored.
Type  I <command> <return>  to replace it with another command,
or  <return>  to continue without it.

)
! Emergency stop.
<*> PORTADA.tex
               
*** (job aborted, no legal \end found)

 
Here is how much of TeX's memory you used:
 17 strings out of 493673
 191 string characters out of 3141510
 53455 words of memory out of 3000000
 3462 multiletter control sequences out of 15000+200000
 4595 words of font info for 17 fonts, out of 3000000 for 9000
 1025 hyphenation exceptions out of 8191
 14i,1n,10p,119b,127s stack positions out of 5000i,500n,10000p,200000b,50000s
!  ==> Fatal error occurred, no output PDF file produced!
